<?xml version="1.0" encoding="UTF-8"?>
<!-- Generated by org.testng.reporters.JUnitReportReporter -->
<testsuite hostname="DESKTOP-0HUTFVH" failures="0" tests="2" name="qaclickacademy.Mavenjava.AppiumTest" time="0.013" errors="0" timestamp="2022-06-29T15:16:17 CDT" skipped="0">
  <testcase classname="qaclickacademy.Mavenjava.AppiumTest" name="nativeAppAndroid" time="0.001"/>
  <system-out/>
  <testcase classname="qaclickacademy.Mavenjava.AppiumTest" name="IOSApps" time="0.012"/>
  <system-out/>
</testsuite> <!-- qaclickacademy.Mavenjava.AppiumTest -->
